INFO:  latexindent version 3.16, 2022-03-13, a script to indent .tex files
       latexindent lives here: /usr/local/texlive/2022/texmf-dist/scripts/latexindent/
       Tue Jan 24 23:28:44 2023
       Filename: /Users/Work/Library/Mobile Documents/3L68KQB4HG~com~readdle~CommonDocuments/Documents/jobs/resume/Inhalt/__latexindent_temp_3_Berufserfahrung.tex
INFO:  Processing switches:
       -y|--yaml: YAML settings specified via command line
       -c|--cruft: cruft directory
INFO:  Directory for backup files and /Users/Work/Library/Mobile Documents/3L68KQB4HG~com~readdle~CommonDocuments/Documents/jobs/resume//indent.log: /Users/Work/Library/Mobile Documents/3L68KQB4HG~com~readdle~CommonDocuments/Documents/jobs/resume/
INFO:  YAML settings read: defaultSettings.yaml
       Reading defaultSettings.yaml from /usr/local/texlive/2022/texmf-dist/scripts/latexindent/defaultSettings.yaml
INFO:  YAML settings read: indentconfig.yaml or .indentconfig.yaml
       Home directory is /Users/Work (didn't find either indentconfig.yaml or .indentconfig.yaml)
       To specify user settings you would put indentconfig.yaml here: /Users/Work/indentconfig.yaml
       Alternatively, you can use the hidden file .indentconfig.yaml as: /Users/Work/.indentconfig.yaml
INFO:  YAML settings read: -y switch
       YAML setting: defaultIndent:'    '
       single-quoted string found in -y switch: '    ', substitute to     
       Updating mainSettings with defaultIndent:     
INFO:  Phase 1: searching for objects
INFO:  Phase 2: finding surrounding indentation
INFO:  Phase 3: indenting objects
INFO:  Phase 4: final indentation check
INFO:  Output routine:
       Not outputting to file; see -w and -o switches for more options.
       --------------
INFO:  Please direct all communication/issues to:
        https://github.com/cmhughes/latexindent.pl
